  main.cpp
c:\program files (x86)\windows kits\10\include\10.0.19041.0\shared\minwindef.h(130): warning C4005: 'APIENTRY': 巨集重複定義
  c:\users\debbie\desktop\nthu\gpa\gpa_final\outdoor_framework\externals\include\glad\glad.h(647): note: 請參閱 'APIENTRY' 之前的定義
c:\users\debbie\desktop\nthu\gpa\gpa_final\outdoor_framework\rendering_framework\main.cpp(166): warning C4091: 'typedef ': 當沒有宣告變數時，忽略 'class_airplane::struct_uniformID' 的左方
c:\users\debbie\desktop\nthu\gpa\gpa_final\outdoor_framework\rendering_framework\main.cpp(171): warning C4091: 'typedef ': 當沒有宣告變數時，忽略 'class_airplane::struct_matrix' 的左方
c:\users\debbie\desktop\nthu\gpa\gpa_final\outdoor_framework\rendering_framework\main.cpp(419): warning C4091: 'typedef ': 當沒有宣告變數時，忽略 'class_house::struct_uniformID' 的左方
c:\users\debbie\desktop\nthu\gpa\gpa_final\outdoor_framework\rendering_framework\main.cpp(424): warning C4091: 'typedef ': 當沒有宣告變數時，忽略 'class_house::struct_matrix' 的左方
c:\users\debbie\desktop\nthu\gpa\gpa_final\outdoor_framework\rendering_framework\main.cpp(659): warning C4091: 'typedef ': 當沒有宣告變數時，忽略 'class_combination::struct_buffer' 的左方
c:\users\debbie\desktop\nthu\gpa\gpa_final\outdoor_framework\rendering_framework\main.cpp(718): warning C4091: 'typedef ': 當沒有宣告變數時，忽略 'class_windowFrame::struct_uniformID' 的左方
c:\users\debbie\desktop\nthu\gpa\gpa_final\outdoor_framework\rendering_framework\main.cpp(722): warning C4091: 'typedef ': 當沒有宣告變數時，忽略 'class_windowFrame::struct_buffer' 的左方
c:\users\debbie\desktop\nthu\gpa\gpa_final\outdoor_framework\rendering_framework\main.cpp(880): warning C4305: '正在初始化': 從 'double' 轉換為 'float'，是由較大的類型轉換為較小的類型，可能導致資料遺失
c:\users\debbie\desktop\nthu\gpa\gpa_final\outdoor_framework\rendering_framework\main.cpp(888): warning C4244: '正在初始化': 將 'double' 轉換為 'float'，由於類型不同，可能導致資料遺失
c:\users\debbie\desktop\nthu\gpa\gpa_final\outdoor_framework\rendering_framework\main.cpp(1030): warning C4244: '正在初始化': 將 'double' 轉換為 'float'，由於類型不同，可能導致資料遺失
c:\users\debbie\desktop\nthu\gpa\gpa_final\outdoor_framework\rendering_framework\main.cpp(1036): warning C4244: '=': 將 'double' 轉換為 'T'，由於類型不同，可能導致資料遺失
          with
          [
              T=float
          ]
c:\users\debbie\desktop\nthu\gpa\gpa_final\outdoor_framework\rendering_framework\main.cpp(1038): warning C4244: '正在初始化': 將 'double' 轉換為 'float'，由於類型不同，可能導致資料遺失
c:\users\debbie\desktop\nthu\gpa\gpa_final\outdoor_framework\rendering_framework\main.cpp(1044): warning C4244: '=': 將 'double' 轉換為 'T'，由於類型不同，可能導致資料遺失
          with
          [
              T=float
          ]
c:\users\debbie\desktop\nthu\gpa\gpa_final\outdoor_framework\rendering_framework\main.cpp(1049): warning C4244: '=': 將 'double' 轉換為 'T'，由於類型不同，可能導致資料遺失
          with
          [
              T=float
          ]
c:\users\debbie\desktop\nthu\gpa\gpa_final\outdoor_framework\rendering_framework\main.cpp(1054): warning C4244: '=': 將 'double' 轉換為 'T'，由於類型不同，可能導致資料遺失
          with
          [
              T=float
          ]
c:\users\debbie\desktop\nthu\gpa\gpa_final\outdoor_framework\rendering_framework\main.cpp(1067): warning C4244: '=': 將 'double' 轉換為 'T'，由於類型不同，可能導致資料遺失
          with
          [
              T=float
          ]
c:\users\debbie\desktop\nthu\gpa\gpa_final\outdoor_framework\rendering_framework\main.cpp(1072): warning C4244: '=': 將 'double' 轉換為 'T'，由於類型不同，可能導致資料遺失
          with
          [
              T=float
          ]
c:\users\debbie\desktop\nthu\gpa\gpa_final\outdoor_framework\rendering_framework\main.cpp(1150): warning C4244: '=': 將 'double' 轉換為 'T'，由於類型不同，可能導致資料遺失
          with
          [
              T=float
          ]
c:\users\debbie\desktop\nthu\gpa\gpa_final\outdoor_framework\rendering_framework\main.cpp(1151): warning C4244: '=': 將 'double' 轉換為 'T'，由於類型不同，可能導致資料遺失
          with
          [
              T=float
          ]
c:\users\debbie\desktop\nthu\gpa\gpa_final\outdoor_framework\rendering_framework\main.cpp(1156): warning C4244: '=': 將 'double' 轉換為 'T'，由於類型不同，可能導致資料遺失
          with
          [
              T=float
          ]
c:\users\debbie\desktop\nthu\gpa\gpa_final\outdoor_framework\rendering_framework\main.cpp(1157): warning C4244: '=': 將 'double' 轉換為 'T'，由於類型不同，可能導致資料遺失
          with
          [
              T=float
          ]
  正在產生程式碼
  6 of 1139 functions ( 0.5%) were compiled, the rest were copied from previous compilation.
    0 functions were new in current compilation
    0 functions had inline decision re-evaluated but remain unchanged
  已完成程式碼產生
  Rendering_Framework.vcxproj -> C:\Users\Debbie\Desktop\NTHU\GPA\GPA_Final\outdoor_framework\x64\Release\Rendering_Framework.exe
